<?xml version="1.0" encoding="UTF-8"?>
<!-- Generated by org.testng.reporters.JUnitReportReporter -->
<testsuite skipped="0" hostname="DESKTOP-TJTKRD5" name="restAPI.GetMethodSpec" tests="3" failures="0" timestamp="19 Apr 2019 23:41:11 GMT" time="1.777" errors="0">
  <testcase name="Posts" time="0.115" classname="restAPI.GetMethodSpec"/>
  <testcase name="Comments" time="1.471" classname="restAPI.GetMethodSpec"/>
  <testcase name="Users" time="0.191" classname="restAPI.GetMethodSpec"/>
</testsuite> <!-- restAPI.GetMethodSpec -->
