<?xml version="1.0" encoding="UTF-8"?>
<!-- Generated by org.testng.reporters.JUnitReportReporter -->
<testsuite skipped="0" hostname="DESKTOP-TJTKRD5" name="restAPI.TestNG" tests="1" failures="0" timestamp="18 Apr 2019 17:34:18 GMT" time="0.010" errors="0">
  <testcase name="f" time="0.010" classname="restAPI.TestNG"/>
</testsuite> <!-- restAPI.TestNG -->
